\BOOKMARK [1][-]{section.1}{\376\377\137\025\212\000}{}% 1
\BOOKMARK [1][-]{section.2}{\376\377\145\271\172\013\166\204\217\355\116\343\211\343\154\325}{}% 2
\BOOKMARK [2][-]{subsection.2.1}{\376\377\164\006\213\272\127\372\170\100}{section.2}% 3
\BOOKMARK [3][-]{subsubsection.2.1.1}{\376\377\123\213\177\051\146\040\134\004}{subsection.2.1}% 4
\BOOKMARK [3][-]{subsubsection.2.1.2}{\376\377\123\213\177\051\146\040\134\004\166\204\140\047\215\050}{subsection.2.1}% 5
\BOOKMARK [3][-]{subsubsection.2.1.3}{\376\377\131\202\117\125\122\044\145\255\123\213\177\051\146\040\134\004}{subsection.2.1}% 6
\BOOKMARK [3][-]{subsubsection.2.1.4}{\376\377\145\271\172\013\217\355\116\343\154\102\150\071}{subsection.2.1}% 7
\BOOKMARK [2][-]{subsection.2.2}{\376\377\213\346\176\306\217\355\116\343\145\271\154\325}{section.2}% 8
\BOOKMARK [3][-]{subsubsection.2.2.1}{\376\377\146\156\220\032\217\355\116\343\154\325}{subsection.2.2}% 9
\BOOKMARK [3][-]{subsubsection.2.2.2}{\376\377\162\133\230\177\217\355\116\343\154\325}{subsection.2.2}% 10
\BOOKMARK [3][-]{subsubsection.2.2.3}{\376\377\173\200\123\026\122\007\176\277\154\325}{subsection.2.2}% 11
\BOOKMARK [3][-]{subsubsection.2.2.4}{\376\377\117\356\153\143\122\007\176\277\154\325}{subsection.2.2}% 12
\BOOKMARK [3][-]{subsubsection.2.2.5}{\376\377\162\133\230\177\116\013\134\161\154\325}{subsection.2.2}% 13
\BOOKMARK [3][-]{subsubsection.2.2.6}{\376\377\123\125\160\271\137\046\142\052\154\325}{subsection.2.2}% 14
\BOOKMARK [3][-]{subsubsection.2.2.7}{\376\377\123\314\160\271\137\046\142\052\154\325}{subsection.2.2}% 15
\BOOKMARK [3][-]{subsubsection.2.2.8}{\376\377\202\176\162\171\200\257\217\355\116\343\154\325}{subsection.2.2}% 16
\BOOKMARK [1][-]{section.3}{\376\377\176\277\140\047\145\271\172\013\176\304\166\204\166\364\143\245\211\343\154\325}{}% 17
\BOOKMARK [2][-]{subsection.3.1}{\376\377\155\210\121\103\154\325\176\374\217\360}{section.3}% 18
\BOOKMARK [3][-]{subsubsection.3.1.1}{\376\377\155\210\121\103\154\325\116\313\176\315}{subsection.3.1}% 19
\BOOKMARK [3][-]{subsubsection.3.1.2}{\376\377\155\210\121\103\154\325\150\070\137\303\164\006\213\272}{subsection.3.1}% 20
\BOOKMARK [3][-]{subsubsection.3.1.3}{\376\377\155\210\121\103\154\325\153\145\232\244}{subsection.3.1}% 21
\BOOKMARK [3][-]{subsubsection.3.1.4}{\376\377\117\030\177\072\160\271}{subsection.3.1}% 22
\BOOKMARK [2][-]{subsection.3.2}{\376\377\213\346\176\306\155\210\121\103\154\325}{section.3}% 23
\BOOKMARK [3][-]{subsubsection.3.2.1}{\376\377\232\330\145\257\155\210\121\103\154\325}{subsection.3.2}% 24
\BOOKMARK [3][-]{subsubsection.3.2.2}{\376\377\121\113\122\263\162\171\155\210\121\103\154\325}{subsection.3.2}% 25
\BOOKMARK [3][-]{subsubsection.3.2.3}{\376\377\232\330\145\257\122\027\116\073\121\103\175\040\155\210\121\103\154\325}{subsection.3.2}% 26
\BOOKMARK [3][-]{subsubsection.3.2.4}{\376\377\232\330\145\257\121\150\116\073\121\103\175\040\155\210\121\103\154\325}{subsection.3.2}% 27
\BOOKMARK [1][-]{section.4}{\376\377\176\277\140\047\145\271\172\013\176\304\166\204\217\355\116\343\211\343\154\325}{}% 28
\BOOKMARK [2][-]{subsection.4.1}{\376\377\176\277\140\047\145\271\172\013\176\304\166\204\217\355\116\343\154\325\176\374\217\360}{section.4}% 29
\BOOKMARK [3][-]{subsubsection.4.1.1}{\376\377\176\277\140\047\145\271\172\013\176\304\166\204\217\355\116\343\154\325\116\313\176\315}{subsection.4.1}% 30
\BOOKMARK [3][-]{subsubsection.4.1.2}{\376\377\155\210\121\103\154\325\153\145\232\244}{subsection.4.1}% 31
\BOOKMARK [3][-]{subsubsection.4.1.3}{\376\377\117\030\177\072\160\271}{subsection.4.1}% 32
\BOOKMARK [2][-]{subsection.4.2}{\376\377\213\346\176\306\217\355\116\343\145\271\154\325}{section.4}% 33
\BOOKMARK [3][-]{subsubsection.4.2.1}{\376\377\226\305\123\357\153\324\217\355\116\343\154\325}{subsection.4.2}% 34
\BOOKMARK [3][-]{subsubsection.4.2.2}{\376\377\232\330\145\257\000-\215\133\137\267\134\024\217\355\116\343\154\325}{subsection.4.2}% 35
\BOOKMARK [3][-]{subsubsection.4.2.3}{\376\377\147\176\137\033\217\355\116\343\154\325}{subsection.4.2}% 36
\BOOKMARK [1][-]{section.5}{\376\377\000j\000a\000v\000a\217\157\116\366\133\236\163\260}{}% 37
\BOOKMARK [2][-]{subsection.5.1}{\376\377\140\073\117\123\213\276\213\241}{section.5}% 38
\BOOKMARK [3][-]{subsubsection.5.1.1}{\376\377\176\277\140\047\145\271\172\013\176\304\154\102\211\343\152\041\127\127}{subsection.5.1}% 39
\BOOKMARK [3][-]{subsubsection.5.1.2}{\376\377\227\136\176\277\140\047\145\271\172\013\154\102\150\071\152\041\127\127}{subsection.5.1}% 40
\BOOKMARK [2][-]{subsection.5.2}{\376\377\150\070\137\303\122\237\200\375\133\236\163\260}{section.5}% 41
\BOOKMARK [3][-]{subsubsection.5.2.1}{\376\377\227\136\176\277\140\047\145\271\172\013\154\102\150\071\133\236\163\260}{subsection.5.2}% 42
\BOOKMARK [3][-]{subsubsection.5.2.2}{\376\377\176\277\140\047\145\271\172\013\176\304\154\102\211\343\133\236\163\260}{subsection.5.2}% 43
\BOOKMARK [3][-]{subsubsection.5.2.3}{\376\377\121\375\145\160\133\127\173\046\116\062\213\306\122\053\116\016\121\375\145\160\154\102\120\074}{subsection.5.2}% 44
\BOOKMARK [2][-]{subsection.5.3}{\376\377\217\157\116\366\165\114\227\142\116\313\176\315}{section.5}% 45
\BOOKMARK [1][-]{section.6}{\376\377\140\073\176\323}{}% 46
\BOOKMARK [2][-]{subsection.6.1}{\376\377\135\345\117\134\140\073\176\323}{section.6}% 47
\BOOKMARK [2][-]{subsection.6.2}{\376\377\134\125\147\033}{section.6}% 48
\BOOKMARK [1][-]{subsection.6.2}{\376\377\201\364\214\042}{}% 49
\BOOKMARK [1][-]{subsection.6.2}{\376\377\226\104\137\125}{}% 50
\BOOKMARK [1][-]{appendix.A}{\376\377\145\271\172\013\166\204\217\355\116\343\211\343\154\325\133\214\145\164\116\343\170\001}{}% 51
\BOOKMARK [1][-]{appendix.B}{\376\377\176\277\140\047\145\271\172\013\176\304\166\204\166\364\143\245\211\343\154\325\133\214\145\164\116\343\170\001}{}% 52
\BOOKMARK [1][-]{appendix.C}{\376\377\176\277\140\047\145\271\172\013\176\304\166\204\217\355\116\343\211\343\154\325\133\214\145\164\116\343\170\001}{}% 53
\BOOKMARK [1][-]{appendix.D}{\376\377\121\375\145\160\213\306\122\053\116\016\154\102\120\074\220\350\122\006\133\214\145\164\116\343\170\001}{}% 54
